[103862 - Suricata-Main] 2025-05-11 13:14:35 Notice: suricata: This is Suricata version 7.0.3 RELEASE running in USER mode
[103862 - Suricata-Main] 2025-05-11 13:14:35 Info: cpu: CPUs/cores online: 12
[103862 - Suricata-Main] 2025-05-11 13:14:35 Info: suricata: Setting engine mode to IDS mode by default
[103862 - Suricata-Main] 2025-05-11 13:14:35 Info: exception-policy: master exception-policy set to: auto
[103862 - Suricata-Main] 2025-05-11 13:14:35 Info: logopenfile: fast output device (regular) initialized: fast.log
[103862 - Suricata-Main] 2025-05-11 13:14:35 Info: logopenfile: eve-log output device (regular) initialized: eve.json
[103862 - Suricata-Main] 2025-05-11 13:14:35 Info: logopenfile: stats output device (regular) initialized: stats.log
[103862 - Suricata-Main] 2025-05-11 13:14:40 Info: detect: 1 rule files processed. 43348 rules successfully loaded, 0 rules failed, 0
[103862 - Suricata-Main] 2025-05-11 13:14:40 Info: threshold-config: Threshold config parsed: 0 rule(s) found
[103862 - Suricata-Main] 2025-05-11 13:14:40 Info: detect: 43351 signatures processed. 1223 are IP-only rules, 4341 are inspecting packet payload, 37572 inspect application layer, 108 are decoder event only
[103862 - Suricata-Main] 2025-05-11 13:14:48 Error: hugepages: unable to open /sys/devices/system/node/
[103862 - Suricata-Main] 2025-05-11 13:14:48 Error: hugepages: failed to obtain number of NUMA nodes in the system
[103862 - Suricata-Main] 2025-05-11 13:14:48 Info: unix-manager: unix socket '/var/run/suricata-command.socket'
[103862 - Suricata-Main] 2025-05-11 13:14:48 Warning: unix-manager: Unix socket: UNIX socket bind(/var/run/suricata-command.socket) error: Address already in use
[103862 - Suricata-Main] 2025-05-11 13:14:48 Warning: unix-manager: Unable to create unix command socket
[103863 - RX#01] 2025-05-11 13:14:48 Info: pcap: Starting file run for /home/arthur/projetos/pcaps/2-reduzido.pcap
[103862 - Suricata-Main] 2025-05-11 13:14:48 Notice: threads: Threads created -> RX: 1 W: 12 FM: 1 FR: 1   Engine started.
[103862 - Suricata-Main] 2025-05-11 13:14:48 Error: hugepages: unable to open /sys/devices/system/node/
[103862 - Suricata-Main] 2025-05-11 13:14:48 Error: hugepages: failed to obtain number of NUMA nodes in the system
[103863 - RX#01] 2025-05-11 13:14:48 Info: checksum: No packets with invalid checksum, assuming checksum offloading is NOT used
[103863 - RX#01] 2025-05-11 13:14:52 Info: pcap: pcap file /home/arthur/projetos/pcaps/2-reduzido.pcap end of file reached (pcap err code 0)
[103862 - Suricata-Main] 2025-05-11 13:14:52 Notice: suricata: Signal Received.  Stopping engine.
[103862 - Suricata-Main] 2025-05-11 13:14:52 Info: suricata: time elapsed 3.717s
[103863 - RX#01] 2025-05-11 13:14:52 Notice: pcap: read 1 file, 1000000 packets, 543151868 bytes
[103862 - Suricata-Main] 2025-05-11 13:14:52 Info: counters: Alerts: 2536
